<?xml version="1.0" encoding="UTF-8"?>
<testng-results ignored="0" total="1" passed="1" failed="0" skipped="0">
  <reporter-output>
  </reporter-output>
  <suite started-at="2021-02-24T10:20:18 BRT" name="Default suite" finished-at="2021-02-24T10:20:55 BRT" duration-ms="36424">
    <groups>
    </groups>
    <test started-at="2021-02-24T10:20:18 BRT" name="Default test" finished-at="2021-02-24T10:20:55 BRT" duration-ms="36424">
      <class name="com.rafaelferreira.test.BookRoomWebTest">
        <test-method is-config="true" signature="beforeMethod(java.lang.String)[pri:0, instance:com.rafaelferreira.test.BookRoomWebTest@7d979d34]" started-at="2021-02-24T10:20:18 BRT" name="beforeMethod" finished-at="2021-02-24T10:20:34 BRT" duration-ms="16323" status="PASS">
          <params>
            <param index="0">
              <value>
                <![CDATA[chrome]]>
              </value>
            </param>
          </params>
          <reporter-output>
          </reporter-output>
        </test-method> <!-- beforeMethod -->
        <test-method signature="addCustomer()[pri:0, instance:com.rafaelferreira.test.BookRoomWebTest@7d979d34]" started-at="2021-02-24T10:20:35 BRT" name="addCustomer" description="Add Customer Test" finished-at="2021-02-24T10:20:54 BRT" duration-ms="19256" status="PASS">
          <reporter-output>
          </reporter-output>
        </test-method> <!-- addCustomer -->
        <test-method is-config="true" signature="afterMethod()[pri:0, instance:com.rafaelferreira.test.BookRoomWebTest@7d979d34]" started-at="2021-02-24T10:20:54 BRT" name="afterMethod" finished-at="2021-02-24T10:20:54 BRT" duration-ms="663" status="PASS">
          <reporter-output>
          </reporter-output>
        </test-method> <!-- afterMethod -->
      </class> <!-- com.rafaelferreira.test.BookRoomWebTest -->
    </test> <!-- Default test -->
  </suite> <!-- Default suite -->
</testng-results>
